<?xml version="1.0" encoding="UTF-8"?>
<testsuites>
  <testsuite name="/home/user5/projects/php-project-57/phpunit.xml" tests="23" assertions="37" errors="1" failures="9" skipped="0" time="155.867224">
    <testsuite name="Feature" tests="23" assertions="37" errors="1" failures="9" skipped="0" time="155.867224">
      <testsuite name="Tests\Feature\TaskControllerTest" file="/home/user5/projects/php-project-57/tests/Feature/TaskControllerTest.php" tests="14" assertions="23" errors="0" failures="4" skipped="0" time="130.380525">
        <testcase name="testIndex" file="/home/user5/projects/php-project-57/tests/Feature/TaskControllerTest.php" line="30" class="Tests\Feature\TaskControllerTest" classname="Tests.Feature.TaskControllerTest" assertions="2" time="39.182970"/>
        <testcase name="testIndexWithFilters" file="/home/user5/projects/php-project-57/tests/Feature/TaskControllerTest.php" line="37" class="Tests\Feature\TaskControllerTest" classname="Tests.Feature.TaskControllerTest" assertions="2" time="5.743824"/>
        <testcase name="testCreateForAuthenticatedUser" file="/home/user5/projects/php-project-57/tests/Feature/TaskControllerTest.php" line="46" class="Tests\Feature\TaskControllerTest" classname="Tests.Feature.TaskControllerTest" assertions="1" time="6.898482"/>
        <testcase name="testCreateForGuest" file="/home/user5/projects/php-project-57/tests/Feature/TaskControllerTest.php" line="54" class="Tests\Feature\TaskControllerTest" classname="Tests.Feature.TaskControllerTest" assertions="1" time="7.110743">
          <failure type="PHPUnit\Framework\ExpectationFailedException">Tests\Feature\TaskControllerTest::testCreateForGuest
Expected response status code [201, 301, 302, 303, 307, 308] but received 200.
Failed asserting that false is true.

/home/user5/projects/php-project-57/vendor/laravel/framework/src/Illuminate/Testing/TestResponseAssert.php:45
/home/user5/projects/php-project-57/vendor/laravel/framework/src/Illuminate/Testing/TestResponse.php:199
/home/user5/projects/php-project-57/tests/Feature/TaskControllerTest.php:57</failure>
        </testcase>
        <testcase name="testStore" file="/home/user5/projects/php-project-57/tests/Feature/TaskControllerTest.php" line="60" class="Tests\Feature\TaskControllerTest" classname="Tests.Feature.TaskControllerTest" assertions="1" time="5.531767">
          <failure type="PHPUnit\Framework\ExpectationFailedException">Tests\Feature\TaskControllerTest::testStore
Expected response status code [201, 301, 302, 303, 307, 308] but received 500.
Failed asserting that false is true.

The following exception occurred during the last request:

ErrorException: Undefined array key "description" in /home/user5/projects/php-project-57/app/Http/Controllers/TaskController.php:54
Stack trace:
#0 /home/user5/projects/php-project-57/vendor/laravel/framework/src/Illuminate/Foundation/Bootstrap/HandleExceptions.php(256): Illuminate\Foundation\Bootstrap\HandleExceptions-&gt;handleError(2, '...', '...', 54)
#1 /home/user5/projects/php-project-57/app/Http/Controllers/TaskController.php(54): Illuminate\Foundation\Bootstrap\HandleExceptions-&gt;Illuminate\Foundation\Bootstrap\{closure}(2, '...', '...', 54)
#2 /home/user5/projects/php-project-57/vendor/laravel/framework/src/Illuminate/Routing/ControllerDispatcher.php(46): App\Http\Controllers\TaskController-&gt;store(Object(Illuminate\Http\Request))
#3 /home/user5/projects/php-project-57/vendor/laravel/framework/src/Illuminate/Routing/Route.php(265): Illuminate\Routing\ControllerDispatcher-&gt;dispatch(Object(Illuminate\Routing\Route), Object(App\Http\Controllers\TaskController), '...')
#4 /home/user5/projects/php-project-57/vendor/laravel/framework/src/Illuminate/Routing/Route.php(211): Illuminate\Routing\Route-&gt;runController()
#5 /home/user5/projects/php-project-57/vendor/laravel/framework/src/Illuminate/Routing/Router.php(808): Illuminate\Routing\Route-&gt;run()
#6 /home/user5/projects/php-project-57/vendor/laravel/framework/src/Illuminate/Pipeline/Pipeline.php(169): Illuminate\Routing\Router-&gt;Illuminate\Routing\{closure}(Object(Illuminate\Http\Request))
#7 /home/user5/projects/php-project-57/vendor/laravel/framework/src/Illuminate/Routing/Middleware/SubstituteBindings.php(50): Illuminate\Pipeline\Pipeline-&gt;Illuminate\Pipeline\{closure}(Object(Illuminate\Http\Request))
#8 /home/user5/projects/php-project-57/vendor/laravel/framework/src/Illuminate/Pipeline/Pipeline.php(208): Illuminate\Routing\Middleware\SubstituteBindings-&gt;handle(Object(Illuminate\Http\Request), Object(Closure))
#9 /home/user5/projects/php-project-57/vendor/laravel/framework/src/Illuminate/Foundation/Http/Middleware/VerifyCsrfToken.php(87): Illuminate\Pipeline\Pipeline-&gt;Illuminate\Pipeline\{closure}(Object(Illuminate\Http\Request))
#10 /home/user5/projects/php-project-57/vendor/laravel/framework/src/Illuminate/Pipeline/Pipeline.php(208): Illuminate\Foundation\Http\Middleware\VerifyCsrfToken-&gt;handle(Object(Illuminate\Http\Request), Object(Closure))
#11 /home/user5/projects/php-project-57/vendor/laravel/framework/src/Illuminate/View/Middleware/ShareErrorsFromSession.php(48): Illuminate\Pipeline\Pipeline-&gt;Illuminate\Pipeline\{closure}(Object(Illuminate\Http\Request))
#12 /home/user5/projects/php-project-57/vendor/laravel/framework/src/Illuminate/Pipeline/Pipeline.php(208): Illuminate\View\Middleware\ShareErrorsFromSession-&gt;handle(Object(Illuminate\Http\Request), Object(Closure))
#13 /home/user5/projects/php-project-57/vendor/laravel/framework/src/Illuminate/Session/Middleware/StartSession.php(120): Illuminate\Pipeline\Pipeline-&gt;Illuminate\Pipeline\{closure}(Object(Illuminate\Http\Request))
#14 /home/user5/projects/php-project-57/vendor/laravel/framework/src/Illuminate/Session/Middleware/StartSession.php(63): Illuminate\Session\Middleware\StartSession-&gt;handleStatefulRequest(Object(Illuminate\Http\Request), Object(Illuminate\Session\Store), Object(Closure))
#15 /home/user5/projects/php-project-57/vendor/laravel/framework/src/Illuminate/Pipeline/Pipeline.php(208): Illuminate\Session\Middleware\StartSession-&gt;handle(Object(Illuminate\Http\Request), Object(Closure))
#16 /home/user5/projects/php-project-57/vendor/laravel/framework/src/Illuminate/Cookie/Middleware/AddQueuedCookiesToResponse.php(36): Illuminate\Pipeline\Pipeline-&gt;Illuminate\Pipeline\{closure}(Object(Illuminate\Http\Request))
#17 /home/user5/projects/php-project-57/vendor/laravel/framework/src/Illuminate/Pipeline/Pipeline.php(208): Illuminate\Cookie\Middleware\AddQueuedCookiesToResponse-&gt;handle(Object(Illuminate\Http\Request), Object(Closure))
#18 /home/user5/projects/php-project-57/vendor/laravel/framework/src/Illuminate/Cookie/Middleware/EncryptCookies.php(74): Illuminate\Pipeline\Pipeline-&gt;Illuminate\Pipeline\{closure}(Object(Illuminate\Http\Request))
#19 /home/user5/projects/php-project-57/vendor/laravel/framework/src/Illuminate/Pipeline/Pipeline.php(208): Illuminate\Cookie\Middleware\EncryptCookies-&gt;handle(Object(Illuminate\Http\Request), Object(Closure))
#20 /home/user5/projects/php-project-57/vendor/laravel/framework/src/Illuminate/Pipeline/Pipeline.php(126): Illuminate\Pipeline\Pipeline-&gt;Illuminate\Pipeline\{closure}(Object(Illuminate\Http\Request))
#21 /home/user5/projects/php-project-57/vendor/laravel/framework/src/Illuminate/Routing/Router.php(807): Illuminate\Pipeline\Pipeline-&gt;then(Object(Closure))
#22 /home/user5/projects/php-project-57/vendor/laravel/framework/src/Illuminate/Routing/Router.php(786): Illuminate\Routing\Router-&gt;runRouteWithinStack(Object(Illuminate\Routing\Route), Object(Illuminate\Http\Request))
#23 /home/user5/projects/php-project-57/vendor/laravel/framework/src/Illuminate/Routing/Router.php(750): Illuminate\Routing\Router-&gt;runRoute(Object(Illuminate\Http\Request), Object(Illuminate\Routing\Route))
#24 /home/user5/projects/php-project-57/vendor/laravel/framework/src/Illuminate/Routing/Router.php(739): Illuminate\Routing\Router-&gt;dispatchToRoute(Object(Illuminate\Http\Request))
#25 /home/user5/projects/php-project-57/vendor/laravel/framework/src/Illuminate/Foundation/Http/Kernel.php(200): Illuminate\Routing\Router-&gt;dispatch(Object(Illuminate\Http\Request))
#26 /home/user5/projects/php-project-57/vendor/laravel/framework/src/Illuminate/Pipeline/Pipeline.php(169): Illuminate\Foundation\Http\Kernel-&gt;Illuminate\Foundation\Http\{closure}(Object(Illuminate\Http\Request))
#27 /home/user5/projects/php-project-57/vendor/laravel/framework/src/Illuminate/Foundation/Http/Middleware/TransformsRequest.php(21): Illuminate\Pipeline\Pipeline-&gt;Illuminate\Pipeline\{closure}(Object(Illuminate\Http\Request))
#28 /home/user5/projects/php-project-57/vendor/laravel/framework/src/Illuminate/Foundation/Http/Middleware/ConvertEmptyStringsToNull.php(31): Illuminate\Foundation\Http\Middleware\TransformsRequest-&gt;handle(Object(Illuminate\Http\Request), Object(Closure))
#29 /home/user5/projects/php-project-57/vendor/laravel/framework/src/Illuminate/Pipeline/Pipeline.php(208): Illuminate\Foundation\Http\Middleware\ConvertEmptyStringsToNull-&gt;handle(Object(Illuminate\Http\Request), Object(Closure))
#30 /home/user5/projects/php-project-57/vendor/laravel/framework/src/Illuminate/Foundation/Http/Middleware/TransformsRequest.php(21): Illuminate\Pipeline\Pipeline-&gt;Illuminate\Pipeline\{closure}(Object(Illuminate\Http\Request))
#31 /home/user5/projects/php-project-57/vendor/laravel/framework/src/Illuminate/Foundation/Http/Middleware/TrimStrings.php(51): Illuminate\Foundation\Http\Middleware\TransformsRequest-&gt;handle(Object(Illuminate\Http\Request), Object(Closure))
#32 /home/user5/projects/php-project-57/vendor/laravel/framework/src/Illuminate/Pipeline/Pipeline.php(208): Illuminate\Foundation\Http\Middleware\TrimStrings-&gt;handle(Object(Illuminate\Http\Request), Object(Closure))
#33 /home/user5/projects/php-project-57/vendor/laravel/framework/src/Illuminate/Http/Middleware/ValidatePostSize.php(27): Illuminate\Pipeline\Pipeline-&gt;Illuminate\Pipeline\{closure}(Object(Illuminate\Http\Request))
#34 /home/user5/projects/php-project-57/vendor/laravel/framework/src/Illuminate/Pipeline/Pipeline.php(208): Illuminate\Http\Middleware\ValidatePostSize-&gt;handle(Object(Illuminate\Http\Request), Object(Closure))
#35 /home/user5/projects/php-project-57/vendor/laravel/framework/src/Illuminate/Foundation/Http/Middleware/PreventRequestsDuringMaintenance.php(109): Illuminate\Pipeline\Pipeline-&gt;Illuminate\Pipeline\{closure}(Object(Illuminate\Http\Request))
#36 /home/user5/projects/php-project-57/vendor/laravel/framework/src/Illuminate/Pipeline/Pipeline.php(208): Illuminate\Foundation\Http\Middleware\PreventRequestsDuringMaintenance-&gt;handle(Object(Illuminate\Http\Request), Object(Closure))
#37 /home/user5/projects/php-project-57/vendor/laravel/framework/src/Illuminate/Http/Middleware/HandleCors.php(48): Illuminate\Pipeline\Pipeline-&gt;Illuminate\Pipeline\{closure}(Object(Illuminate\Http\Request))
#38 /home/user5/projects/php-project-57/vendor/laravel/framework/src/Illuminate/Pipeline/Pipeline.php(208): Illuminate\Http\Middleware\HandleCors-&gt;handle(Object(Illuminate\Http\Request), Object(Closure))
#39 /home/user5/projects/php-project-57/vendor/laravel/framework/src/Illuminate/Http/Middleware/TrustProxies.php(58): Illuminate\Pipeline\Pipeline-&gt;Illuminate\Pipeline\{closure}(Object(Illuminate\Http\Request))
#40 /home/user5/projects/php-project-57/vendor/laravel/framework/src/Illuminate/Pipeline/Pipeline.php(208): Illuminate\Http\Middleware\TrustProxies-&gt;handle(Object(Illuminate\Http\Request), Object(Closure))
#41 /home/user5/projects/php-project-57/vendor/laravel/framework/src/Illuminate/Foundation/Http/Middleware/InvokeDeferredCallbacks.php(22): Illuminate\Pipeline\Pipeline-&gt;Illuminate\Pipeline\{closure}(Object(Illuminate\Http\Request))
#42 /home/user5/projects/php-project-57/vendor/laravel/framework/src/Illuminate/Pipeline/Pipeline.php(208): Illuminate\Foundation\Http\Middleware\InvokeDeferredCallbacks-&gt;handle(Object(Illuminate\Http\Request), Object(Closure))
#43 /home/user5/projects/php-project-57/vendor/laravel/framework/src/Illuminate/Http/Middleware/ValidatePathEncoding.php(26): Illuminate\Pipeline\Pipeline-&gt;Illuminate\Pipeline\{closure}(Object(Illuminate\Http\Request))
#44 /home/user5/projects/php-project-57/vendor/laravel/framework/src/Illuminate/Pipeline/Pipeline.php(208): Illuminate\Http\Middleware\ValidatePathEncoding-&gt;handle(Object(Illuminate\Http\Request), Object(Closure))
#45 /home/user5/projects/php-project-57/vendor/laravel/framework/src/Illuminate/Pipeline/Pipeline.php(126): Illuminate\Pipeline\Pipeline-&gt;Illuminate\Pipeline\{closure}(Object(Illuminate\Http\Request))
#46 /home/user5/projects/php-project-57/vendor/laravel/framework/src/Illuminate/Foundation/Http/Kernel.php(175): Illuminate\Pipeline\Pipeline-&gt;then(Object(Closure))
#47 /home/user5/projects/php-project-57/vendor/laravel/framework/src/Illuminate/Foundation/Http/Kernel.php(144): Illuminate\Foundation\Http\Kernel-&gt;sendRequestThroughRouter(Object(Illuminate\Http\Request))
#48 /home/user5/projects/php-project-57/vendor/laravel/framework/src/Illuminate/Foundation/Testing/Concerns/MakesHttpRequests.php(607): Illuminate\Foundation\Http\Kernel-&gt;handle(Object(Illuminate\Http\Request))
#49 /home/user5/projects/php-project-57/vendor/laravel/framework/src/Illuminate/Foundation/Testing/Concerns/MakesHttpRequests.php(397): Illuminate\Foundation\Testing\TestCase-&gt;call('...', '...', Array, Array, Array, Array)
#50 /home/user5/projects/php-project-57/tests/Feature/TaskControllerTest.php(68): Illuminate\Foundation\Testing\TestCase-&gt;post('...', Array)
#51 /home/user5/projects/php-project-57/vendor/phpunit/phpunit/src/Framework/TestCase.php(1656): Tests\Feature\TaskControllerTest-&gt;testStore()
#52 /home/user5/projects/php-project-57/vendor/phpunit/phpunit/src/Framework/TestCase.php(514): PHPUnit\Framework\TestCase-&gt;runTest()
#53 /home/user5/projects/php-project-57/vendor/phpunit/phpunit/src/Framework/TestRunner/TestRunner.php(87): PHPUnit\Framework\TestCase-&gt;runBare()
#54 /home/user5/projects/php-project-57/vendor/phpunit/phpunit/src/Framework/TestCase.php(361): PHPUnit\Framework\TestRunner-&gt;run(Object(Tests\Feature\TaskControllerTest))
#55 /home/user5/projects/php-project-57/vendor/phpunit/phpunit/src/Framework/TestSuite.php(369): PHPUnit\Framework\TestCase-&gt;run()
#56 /home/user5/projects/php-project-57/vendor/phpunit/phpunit/src/Framework/TestSuite.php(369): PHPUnit\Framework\TestSuite-&gt;run()
#57 /home/user5/projects/php-project-57/vendor/phpunit/phpunit/src/Framework/TestSuite.php(369): PHPUnit\Framework\TestSuite-&gt;run()
#58 /home/user5/projects/php-project-57/vendor/phpunit/phpunit/src/TextUI/TestRunner.php(64): PHPUnit\Framework\TestSuite-&gt;run()
#59 /home/user5/projects/php-project-57/vendor/phpunit/phpunit/src/TextUI/Application.php(210): PHPUnit\TextUI\TestRunner-&gt;run(Object(PHPUnit\TextUI\Configuration\Configuration), Object(PHPUnit\Runner\ResultCache\DefaultResultCache), Object(PHPUnit\Framework\TestSuite))
#60 /home/user5/projects/php-project-57/vendor/phpunit/phpunit/phpunit(104): PHPUnit\TextUI\Application-&gt;run(Array)
#61 {main}

----------------------------------------------------------------------------------

Undefined array key "description"

/home/user5/projects/php-project-57/vendor/laravel/framework/src/Illuminate/Testing/TestResponseAssert.php:45
/home/user5/projects/php-project-57/vendor/laravel/framework/src/Illuminate/Testing/TestResponse.php:199
/home/user5/projects/php-project-57/tests/Feature/TaskControllerTest.php:69</failure>
        </testcase>
        <testcase name="testShow" file="/home/user5/projects/php-project-57/tests/Feature/TaskControllerTest.php" line="77" class="Tests\Feature\TaskControllerTest" classname="Tests.Feature.TaskControllerTest" assertions="2" time="7.029110"/>
        <testcase name="testEditForCreator" file="/home/user5/projects/php-project-57/tests/Feature/TaskControllerTest.php" line="84" class="Tests\Feature\TaskControllerTest" classname="Tests.Feature.TaskControllerTest" assertions="1" time="8.081315"/>
        <testcase name="testEditForGuest" file="/home/user5/projects/php-project-57/tests/Feature/TaskControllerTest.php" line="91" class="Tests\Feature\TaskControllerTest" classname="Tests.Feature.TaskControllerTest" assertions="1" time="8.023066">
          <failure type="PHPUnit\Framework\ExpectationFailedException">Tests\Feature\TaskControllerTest::testEditForGuest
Expected response status code [201, 301, 302, 303, 307, 308] but received 200.
Failed asserting that false is true.

/home/user5/projects/php-project-57/vendor/laravel/framework/src/Illuminate/Testing/TestResponseAssert.php:45
/home/user5/projects/php-project-57/vendor/laravel/framework/src/Illuminate/Testing/TestResponse.php:199
/home/user5/projects/php-project-57/tests/Feature/TaskControllerTest.php:94</failure>
        </testcase>
        <testcase name="testUpdate" file="/home/user5/projects/php-project-57/tests/Feature/TaskControllerTest.php" line="97" class="Tests\Feature\TaskControllerTest" classname="Tests.Feature.TaskControllerTest" assertions="4" time="6.871231"/>
        <testcase name="testDestroyByCreator" file="/home/user5/projects/php-project-57/tests/Feature/TaskControllerTest.php" line="113" class="Tests\Feature\TaskControllerTest" classname="Tests.Feature.TaskControllerTest" assertions="4" time="5.581208"/>
        <testcase name="testDestroyByOtherUser" file="/home/user5/projects/php-project-57/tests/Feature/TaskControllerTest.php" line="125" class="Tests\Feature\TaskControllerTest" classname="Tests.Feature.TaskControllerTest" assertions="1" time="5.596195">
          <failure type="PHPUnit\Framework\ExpectationFailedException">Tests\Feature\TaskControllerTest::testDestroyByOtherUser
Expected response status code [403] but received 302.
Failed asserting that 302 is identical to 403.

/home/user5/projects/php-project-57/vendor/laravel/framework/src/Illuminate/Testing/TestResponseAssert.php:45
/home/user5/projects/php-project-57/vendor/laravel/framework/src/Illuminate/Testing/TestResponse.php:174
/home/user5/projects/php-project-57/vendor/laravel/framework/src/Illuminate/Testing/Concerns/AssertsStatusCodes.php:141
/home/user5/projects/php-project-57/tests/Feature/TaskControllerTest.php:130</failure>
        </testcase>
        <testcase name="testDeleteLinkVisibilityForCreator" file="/home/user5/projects/php-project-57/tests/Feature/TaskControllerTest.php" line="134" class="Tests\Feature\TaskControllerTest" classname="Tests.Feature.TaskControllerTest" assertions="1" time="7.987743"/>
        <testcase name="testDeleteLinkNotVisibleForOtherUsers" file="/home/user5/projects/php-project-57/tests/Feature/TaskControllerTest.php" line="141" class="Tests\Feature\TaskControllerTest" classname="Tests.Feature.TaskControllerTest" assertions="1" time="8.696574"/>
        <testcase name="testDeleteLinkNotVisibleForGuests" file="/home/user5/projects/php-project-57/tests/Feature/TaskControllerTest.php" line="149" class="Tests\Feature\TaskControllerTest" classname="Tests.Feature.TaskControllerTest" assertions="1" time="8.046298"/>
      </testsuite>
      <testsuite name="Tests\Feature\TaskStatusControllerTest" file="/home/user5/projects/php-project-57/tests/Feature/TaskStatusControllerTest.php" tests="9" assertions="14" errors="1" failures="5" skipped="0" time="25.486699">
        <testcase name="testIndexPage" file="/home/user5/projects/php-project-57/tests/Feature/TaskStatusControllerTest.php" line="23" class="Tests\Feature\TaskStatusControllerTest" classname="Tests.Feature.TaskStatusControllerTest" assertions="2" time="5.110329"/>
        <testcase name="testCreatePageAccess" file="/home/user5/projects/php-project-57/tests/Feature/TaskStatusControllerTest.php" line="31" class="Tests\Feature\TaskStatusControllerTest" classname="Tests.Feature.TaskStatusControllerTest" assertions="1" time="0.998737">
          <failure type="PHPUnit\Framework\ExpectationFailedException">Tests\Feature\TaskStatusControllerTest::testCreatePageAccess
Expected response status code [403] but received 200.
Failed asserting that 200 is identical to 403.

/home/user5/projects/php-project-57/vendor/laravel/framework/src/Illuminate/Testing/TestResponseAssert.php:45
/home/user5/projects/php-project-57/vendor/laravel/framework/src/Illuminate/Testing/TestResponse.php:174
/home/user5/projects/php-project-57/vendor/laravel/framework/src/Illuminate/Testing/Concerns/AssertsStatusCodes.php:141
/home/user5/projects/php-project-57/tests/Feature/TaskStatusControllerTest.php:34</failure>
        </testcase>
        <testcase name="testStoreStatus" file="/home/user5/projects/php-project-57/tests/Feature/TaskStatusControllerTest.php" line="40" class="Tests\Feature\TaskStatusControllerTest" classname="Tests.Feature.TaskStatusControllerTest" assertions="1" time="3.194929">
          <failure type="PHPUnit\Framework\ExpectationFailedException">Tests\Feature\TaskStatusControllerTest::testStoreStatus
Expected response status code [403] but received 302.
Failed asserting that 302 is identical to 403.

/home/user5/projects/php-project-57/vendor/laravel/framework/src/Illuminate/Testing/TestResponseAssert.php:45
/home/user5/projects/php-project-57/vendor/laravel/framework/src/Illuminate/Testing/TestResponse.php:174
/home/user5/projects/php-project-57/vendor/laravel/framework/src/Illuminate/Testing/Concerns/AssertsStatusCodes.php:141
/home/user5/projects/php-project-57/tests/Feature/TaskStatusControllerTest.php:44</failure>
        </testcase>
        <testcase name="testStoreValidation" file="/home/user5/projects/php-project-57/tests/Feature/TaskStatusControllerTest.php" line="51" class="Tests\Feature\TaskStatusControllerTest" classname="Tests.Feature.TaskStatusControllerTest" assertions="2" time="1.021525"/>
        <testcase name="testShowForbidden" file="/home/user5/projects/php-project-57/tests/Feature/TaskStatusControllerTest.php" line="58" class="Tests\Feature\TaskStatusControllerTest" classname="Tests.Feature.TaskStatusControllerTest" assertions="2" time="2.082665"/>
        <testcase name="testEditPage" file="/home/user5/projects/php-project-57/tests/Feature/TaskStatusControllerTest.php" line="66" class="Tests\Feature\TaskStatusControllerTest" classname="Tests.Feature.TaskStatusControllerTest" assertions="1" time="2.204029">
          <failure type="PHPUnit\Framework\ExpectationFailedException">Tests\Feature\TaskStatusControllerTest::testEditPage
Expected response status code [403] but received 200.
Failed asserting that 200 is identical to 403.

/home/user5/projects/php-project-57/vendor/laravel/framework/src/Illuminate/Testing/TestResponseAssert.php:45
/home/user5/projects/php-project-57/vendor/laravel/framework/src/Illuminate/Testing/TestResponse.php:174
/home/user5/projects/php-project-57/vendor/laravel/framework/src/Illuminate/Testing/Concerns/AssertsStatusCodes.php:141
/home/user5/projects/php-project-57/tests/Feature/TaskStatusControllerTest.php:70</failure>
        </testcase>
        <testcase name="testUpdateStatus" file="/home/user5/projects/php-project-57/tests/Feature/TaskStatusControllerTest.php" line="77" class="Tests\Feature\TaskStatusControllerTest" classname="Tests.Feature.TaskStatusControllerTest" assertions="1" time="3.332248">
          <failure type="PHPUnit\Framework\ExpectationFailedException">Tests\Feature\TaskStatusControllerTest::testUpdateStatus
Expected response status code [403] but received 302.
Failed asserting that 302 is identical to 403.

/home/user5/projects/php-project-57/vendor/laravel/framework/src/Illuminate/Testing/TestResponseAssert.php:45
/home/user5/projects/php-project-57/vendor/laravel/framework/src/Illuminate/Testing/TestResponse.php:174
/home/user5/projects/php-project-57/vendor/laravel/framework/src/Illuminate/Testing/Concerns/AssertsStatusCodes.php:141
/home/user5/projects/php-project-57/tests/Feature/TaskStatusControllerTest.php:82</failure>
        </testcase>
        <testcase name="testDestroyStatus" file="/home/user5/projects/php-project-57/tests/Feature/TaskStatusControllerTest.php" line="89" class="Tests\Feature\TaskStatusControllerTest" classname="Tests.Feature.TaskStatusControllerTest" assertions="1" time="2.830135">
          <failure type="PHPUnit\Framework\ExpectationFailedException">Tests\Feature\TaskStatusControllerTest::testDestroyStatus
Expected response status code [403] but received 302.
Failed asserting that 302 is identical to 403.

/home/user5/projects/php-project-57/vendor/laravel/framework/src/Illuminate/Testing/TestResponseAssert.php:45
/home/user5/projects/php-project-57/vendor/laravel/framework/src/Illuminate/Testing/TestResponse.php:174
/home/user5/projects/php-project-57/vendor/laravel/framework/src/Illuminate/Testing/Concerns/AssertsStatusCodes.php:141
/home/user5/projects/php-project-57/tests/Feature/TaskStatusControllerTest.php:93</failure>
        </testcase>
        <testcase name="testDestroyProtectedStatus" file="/home/user5/projects/php-project-57/tests/Feature/TaskStatusControllerTest.php" line="100" class="Tests\Feature\TaskStatusControllerTest" classname="Tests.Feature.TaskStatusControllerTest" assertions="3" time="4.712103">
          <error type="Illuminate\Database\QueryException">Tests\Feature\TaskStatusControllerTest::testDestroyProtectedStatus
Illuminate\Database\QueryException: SQLSTATE[25P02]: In failed sql transaction: 7 ERROR:  current transaction is aborted, commands ignored until end of transaction block (Connection: sqlite, SQL: select exists(select * from "task_statuses" where ("id" = 39)) as "exists")

/home/user5/projects/php-project-57/vendor/laravel/framework/src/Illuminate/Database/Connection.php:822
/home/user5/projects/php-project-57/vendor/laravel/framework/src/Illuminate/Database/Connection.php:776
/home/user5/projects/php-project-57/vendor/laravel/framework/src/Illuminate/Database/Connection.php:395
/home/user5/projects/php-project-57/vendor/laravel/framework/src/Illuminate/Database/Query/Builder.php:3504
/home/user5/projects/php-project-57/vendor/laravel/framework/src/Illuminate/Testing/Constraints/HasInDatabase.php:55
/home/user5/projects/php-project-57/vendor/laravel/framework/src/Illuminate/Foundation/Testing/Concerns/InteractsWithDatabase.php:36
/home/user5/projects/php-project-57/tests/Feature/TaskStatusControllerTest.php:108</error>
        </testcase>
      </testsuite>
    </testsuite>
  </testsuite>
</testsuites>
